0 info it worked if it ends with ok
1 verbose cli [ 'node', '/usr/local/bin/npm', 'run', 'build' ]
2 info using npm@2.0.0
3 info using node@v0.10.32
4 verbose node symlink /usr/local/bin/node
5 verbose run-script [ 'prebuild', 'build', 'postbuild' ]
6 info prebuild parse-blog@0.0.1
7 info build parse-blog@0.0.1
8 verbose unsafe-perm in lifecycle true
9 info parse-blog@0.0.1 Failed to exec build script
10 verbose stack Error: parse-blog@0.0.1 build: `NODE_ENV=production browserify . | uglifyjs -cm > js/bundle.js`
10 verbose stack Exit status 1
10 verbose stack     at ChildProcess.<anonymous> (/usr/local/lib/node_modules/npm/lib/utils/lifecycle.js:212:16)
10 verbose stack     at ChildProcess.emit (events.js:98:17)
10 verbose stack     at maybeClose (child_process.js:756:16)
10 verbose stack     at Process.ChildProcess._handle.onexit (child_process.js:823:5)
11 verbose pkgid parse-blog@0.0.1
12 verbose cwd /Users/Matt/Coding/devcorr/parse-blog
13 error Darwin 13.4.0
14 error argv "node" "/usr/local/bin/npm" "run" "build"
15 error node v0.10.32
16 error npm  v2.0.0
17 error code ELIFECYCLE
18 error parse-blog@0.0.1 build: `NODE_ENV=production browserify . | uglifyjs -cm > js/bundle.js`
18 error Exit status 1
19 error Failed at the parse-blog@0.0.1 build script.
19 error This is most likely a problem with the parse-blog package,
19 error not with npm itself.
19 error Tell the author that this fails on your system:
19 error     NODE_ENV=production browserify . | uglifyjs -cm > js/bundle.js
19 error You can get their info via:
19 error     npm owner ls parse-blog
19 error There is likely additional logging output above.
20 verbose exit [ 1, true ]
